<?xml version="1.0" encoding="UTF-8"?>
<!-- Generated by org.testng.reporters.JUnitXMLReporter -->
<testsuite ignored="0" hostname="DESKTOP-OKKFGE3" failures="1" tests="1" name="Test" time="19.925" errors="0" timestamp="2023-03-27T13:23:41 IST">
  <testcase classname="com.demo.testcase.AppDemo" name="verifyLoginUI" time="0.007">
    <failure type="java.lang.NoSuchMethodError" message="&amp;apos;void org.openqa.selenium.support.PageFactory.initElements(org.openqa.selenium.SearchContext, java.lang.Object)&amp;apos;">
      <![CDATA[java.lang.NoSuchMethodError: 'void org.openqa.selenium.support.PageFactory.initElements(org.openqa.selenium.SearchContext, java.lang.Object)'
at com.demo.pages.IndoKargoHomePage.<init>(IndoKargoHomePage.java:26)
at com.demo.testcase.AppDemo.verifyLoginUI(AppDemo.java:9)
at java.base/java.util.ArrayList.forEach(ArrayList.java:1511)
... Removed 27 stack frames]]>
    </failure>
  </testcase> <!-- verifyLoginUI -->
</testsuite> <!-- Test -->
