<?xml version="1.0" encoding="UTF-8"?>
<testng-results ignored="0" total="1" passed="0" failed="1" skipped="0">
  <reporter-output>
  </reporter-output>
  <suite started-at="2023-03-27T13:23:21 IST" name="Suite" finished-at="2023-03-27T13:23:41 IST" duration-ms="19925">
    <groups>
    </groups>
    <test started-at="2023-03-27T13:23:21 IST" name="Test" finished-at="2023-03-27T13:23:41 IST" duration-ms="19925">
      <class name="com.demo.testcase.AppDemo">
        <test-method is-config="true" signature="suiteSetup()[pri:0, instance:com.demo.testcase.AppDemo@4b8ee4de]" started-at="2023-03-27T13:23:18 IST" name="suiteSetup" finished-at="2023-03-27T13:23:21 IST" duration-ms="3157" status="PASS">
          <reporter-output>
          </reporter-output>
        </test-method> <!-- suiteSetup -->
        <test-method is-config="true" signature="setup(java.lang.String)[pri:0, instance:com.demo.testcase.AppDemo@4b8ee4de]" started-at="2023-03-27T13:23:21 IST" name="setup" finished-at="2023-03-27T13:23:41 IST" duration-ms="19575" status="PASS">
          <params>
            <param index="0">
              <value>
                <![CDATA[Local]]>
              </value>
            </param>
          </params>
          <reporter-output>
          </reporter-output>
        </test-method> <!-- setup -->
        <test-method signature="verifyLoginUI()[pri:1, instance:com.demo.testcase.AppDemo@4b8ee4de]" started-at="2023-03-27T13:23:41 IST" name="verifyLoginUI" finished-at="2023-03-27T13:23:41 IST" duration-ms="7" status="FAIL">
          <exception class="java.lang.NoSuchMethodError">
            <message>
              <![CDATA['void org.openqa.selenium.support.PageFactory.initElements(org.openqa.selenium.SearchContext, java.lang.Object)']]>
            </message>
            <full-stacktrace>
              <![CDATA[java.lang.NoSuchMethodError: 'void org.openqa.selenium.support.PageFactory.initElements(org.openqa.selenium.SearchContext, java.lang.Object)'
at com.demo.pages.IndoKargoHomePage.<init>(IndoKargoHomePage.java:26)
at com.demo.testcase.AppDemo.verifyLoginUI(AppDemo.java:9)
at java.base/jdk.internal.reflect.NativeMethodAccessorImpl.invoke0(Native Method)
at java.base/jdk.internal.reflect.NativeMethodAccessorImpl.invoke(NativeMethodAccessorImpl.java:77)
at java.base/jdk.internal.reflect.DelegatingMethodAccessorImpl.invoke(DelegatingMethodAccessorImpl.java:43)
at java.base/java.lang.reflect.Method.invoke(Method.java:568)
at org.testng.internal.MethodInvocationHelper.invokeMethod(MethodInvocationHelper.java:133)
at org.testng.internal.TestInvoker.invokeMethod(TestInvoker.java:598)
at org.testng.internal.TestInvoker.invokeTestMethod(TestInvoker.java:173)
at org.testng.internal.MethodRunner.runInSequence(MethodRunner.java:46)
at org.testng.internal.TestInvoker$MethodInvocationAgent.invoke(TestInvoker.java:824)
at org.testng.internal.TestInvoker.invokeTestMethods(TestInvoker.java:146)
at org.testng.internal.TestMethodWorker.invokeTestMethods(TestMethodWorker.java:146)
at org.testng.internal.TestMethodWorker.run(TestMethodWorker.java:128)
at java.base/java.util.ArrayList.forEach(ArrayList.java:1511)
at org.testng.TestRunner.privateRun(TestRunner.java:794)
at org.testng.TestRunner.run(TestRunner.java:596)
at org.testng.SuiteRunner.runTest(SuiteRunner.java:377)
at org.testng.SuiteRunner.runSequentially(SuiteRunner.java:371)
at org.testng.SuiteRunner.privateRun(SuiteRunner.java:332)
at org.testng.SuiteRunner.run(SuiteRunner.java:276)
at org.testng.SuiteRunnerWorker.runSuite(SuiteRunnerWorker.java:53)
at org.testng.SuiteRunnerWorker.run(SuiteRunnerWorker.java:96)
at org.testng.TestNG.runSuitesSequentially(TestNG.java:1212)
at org.testng.TestNG.runSuitesLocally(TestNG.java:1134)
at org.testng.TestNG.runSuites(TestNG.java:1063)
at org.testng.TestNG.run(TestNG.java:1031)
at org.testng.remote.AbstractRemoteTestNG.run(AbstractRemoteTestNG.java:115)
at org.testng.remote.RemoteTestNG.initAndRun(RemoteTestNG.java:251)
at org.testng.remote.RemoteTestNG.main(RemoteTestNG.java:77)
]]>
            </full-stacktrace>
          </exception> <!-- java.lang.NoSuchMethodError -->
          <reporter-output>
          </reporter-output>
        </test-method> <!-- verifyLoginUI -->
        <test-method is-config="true" signature="quit()[pri:0, instance:com.demo.testcase.AppDemo@4b8ee4de]" started-at="2023-03-27T13:23:41 IST" name="quit" finished-at="2023-03-27T13:23:41 IST" duration-ms="317" status="PASS">
          <reporter-output>
          </reporter-output>
        </test-method> <!-- quit -->
        <test-method is-config="true" signature="tearDownSuite()[pri:0, instance:com.demo.testcase.AppDemo@4b8ee4de]" started-at="2023-03-27T13:23:41 IST" name="tearDownSuite" finished-at="2023-03-27T13:23:41 IST" duration-ms="63" status="PASS">
          <reporter-output>
          </reporter-output>
        </test-method> <!-- tearDownSuite -->
      </class> <!-- com.demo.testcase.AppDemo -->
    </test> <!-- Test -->
  </suite> <!-- Suite -->
</testng-results>
